0 info it worked if it ends with ok
1 verbose cli [ 'C:\\Program Files\\nodejs\\node.exe',
1 verbose cli   'C:\\Program Files\\nodejs\\node_modules\\npm\\bin\\npm-cli.js',
1 verbose cli   'test' ]
2 info using npm@3.10.10
3 info using node@v6.11.2
4 verbose run-script [ 'pretest', 'test', 'posttest' ]
5 info lifecycle pluralsight-modern-async-js@~pretest: pluralsight-modern-async-js@
6 silly lifecycle pluralsight-modern-async-js@~pretest: no script for pretest, continuing
7 info lifecycle pluralsight-modern-async-js@~test: pluralsight-modern-async-js@
8 verbose lifecycle pluralsight-modern-async-js@~test: unsafe-perm in lifecycle true
9 verbose lifecycle pluralsight-modern-async-js@~test: PATH: C:\Program Files\nodejs\node_modules\npm\bin\node-gyp-bin;C:\Users\Jota\Google Drive\dev\FrontEnd\javaScript\4-pluralsight\pluralsight-modern-async-js\node_modules\.bin;C:\ProgramData\Oracle\Java\javapath;C:\WINDOWS\system32;C:\WINDOWS;C:\WINDOWS\System32\Wbem;C:\WINDOWS\System32\WindowsPowerShell\v1.0\;C:\Program Files\nodejs\;C:\Users\Jota\Downloads\openssl-0.9.8k_X64\bin;C:\Program Files\Git\cmd;C:\Program Files\MySQL\MySQL Utilities 1.6\;C:\Users\Jota\AppData\Local\Microsoft\WindowsApps;C:\Users\Jota\AppData\Roaming\npm;C:\Program Files\Microsoft VS Code\bin;C:\dev\android\platform-tools;C:\OpenSSL-Win32\bin;C:\Program Files\Git;
10 verbose lifecycle pluralsight-modern-async-js@~test: CWD: C:\Users\Jota\Google Drive\dev\FrontEnd\javaScript\4-pluralsight\pluralsight-modern-async-js
11 silly lifecycle pluralsight-modern-async-js@~test: Args: [ '/d /s /c', 'live-server' ]
12 verbose stack Error: kill ENOSYS
12 verbose stack     at exports._errnoException (util.js:1020:11)
12 verbose stack     at process.kill (internal/process.js:190:13)
12 verbose stack     at process.listener (C:\Program Files\nodejs\node_modules\npm\node_modules\npmlog\node_modules\gauge\node_modules\signal-exit\index.js:86:15)
12 verbose stack     at emitNone (events.js:91:20)
12 verbose stack     at process.emit (events.js:185:7)
12 verbose stack     at processEmit (C:\Program Files\nodejs\node_modules\npm\node_modules\npmlog\node_modules\gauge\node_modules\signal-exit\index.js:146:32)
12 verbose stack     at processEmit (C:\Program Files\nodejs\node_modules\npm\node_modules\npm-registry-client\node_modules\npmlog\node_modules\gauge\node_modules\signal-exit\index.js:146:32)
12 verbose stack     at Signal.wrap.onsignal (internal/process.js:217:44)
13 verbose cwd C:\Users\Jota\Google Drive\dev\FrontEnd\javaScript\4-pluralsight\pluralsight-modern-async-js
14 error Windows_NT 10.0.15063
15 error argv "C:\\Program Files\\nodejs\\node.exe" "C:\\Program Files\\nodejs\\node_modules\\npm\\bin\\npm-cli.js" "test"
16 error node v6.11.2
17 error npm  v3.10.10
18 error code ENOSYS
19 error errno ENOSYS
20 error syscall kill
21 error kill ENOSYS
22 error If you need help, you may report this error at:
22 error     <https://github.com/npm/npm/issues>
23 verbose exit [ 1, true ]
